28.Oktober 1998  09:17             DEMO2_AL            Seite: 1


Projektbeschreibung:

                                        
Hardware:                               C200 / LCD8x40                
                                        
Bild bei Kommunikationsfehler:          ERR_PIC   
F-Taste fr Fehlerquittierung:          F--
Tastenpufferung:                        Nein
Hintergrundbeleuchtung dauernd ein:     Ja             Minuten:  60
Alarmsystem verwenden:                  Nein
Tastenmatrix bertragen:                Nein           Adresse:                 
Aktuelle Bildnummer bertragen:         Nein           Adresse:                 
LED Matrix bertragen:                  Nein           Adresse:                 
Bildwechsel aus der SPS erlaubt:        Nein           Adresse:                 
Mehrsprachensystem verwenden:           Nein
Sprachumschaltung aktiv:                Nein           Adresse:                 
Uhrzeit aus der SPS bernehmen:         Nein
Uhrzeit Triggeradresse:                                
Uhrzeitadresse:                                        


Display-Type:                           LCD8x40   
Anzahl der Tastenmodule:                2
Type Tastenmodul 1 :                    12+4
Type Tastenmodul 2 :                    16  
Type Tastenmodul 3 :                    16  
Type Tastenmodul 4 :                    16  
Type Tastenmodul 5 :                    16  
Type Tastenmodul 6 :                    16  
Type Tastenmodul 7 :                    16  


Lebenszeichen:                          Nein           Adresse:                 
Lebenszeichen Intervall (Sek.):         minimum


28.Oktober 1998  09:17             DEMO2_AL            Seite: 2


Bildverzeichnis:


                                                            Bildwechsel
 #   Bildname   Nachbarn(Next,Previous,..)    Bild-Init     aus der SPS
--------------------------------------------------------------------------
000  MAIN     INPUT,MAIN,INPUT(F01),              Ja            Ja
              PASSWORD(F02),KEYFUNCT(F03),
              LEDS(F04)
001  INPUT    PASSWORD,MAIN,MAIN(F04),            Ja            Ja
              CLOCK(F03)
002  PASSWORD PASSWORD,INPUT,MAIN(F04),           Ja            Ja
              INPLOCK(F01)
003  INPLOCK  INPLOCK,INPLOCK,PASSWORD(F01),      Ja            Ja
              MAIN(F04)
004  KEYFUNCT LEDS,PASSWORD,MAIN(F04)             Ja            Ja
005  ERR_PIC  ERR_PIC,ERR_PIC                     Ja            Ja
006  LEDS     LEDS,LEDS,MAIN(F13)                 Ja            Ja
007  CLOCK    CLOCK,CLOCK,MAIN(F04)               Ja            Ja
28.Oktober 1998  09:17             DEMO2_AL            Seite: 3


Tastenbelegung Numerische Eingabe

                    F01 F02 F03 F04     +G+  7   8   9  
                    ±±± ±±± ±±± ±±±     +B+  4   5   6  
                    ±±± ±±± +p+ +n+     +S+  1   2   3  
                    F13 ±±± +P+ +N+      .   0  +E+ +C+ 
                                                        
                                                        
                                                        
                                                        
                                                        
                                                        
                                                        
                                                        
                                                        
                                                        


Tastenbelegung String Eingabe

                    F01 F02 F03 F04     +G+  7   8   9  
                    ±±± ±±± ±±± ±±±     +B+  4   5   6  
                    ±±± ±±± +p+ +n+     +S+  1   2   3  
                    ±±± ±±± +P+ +N+      .   0  +E+ +C+ 
                                                        
                                                        
                                                        
                                                        
                                                        
                                                        
                                                        
                                                        
                                                        
                                                        
28.Oktober 1998  09:17             DEMO2_AL            Seite: 4


Verbindungsliste

  ID  Verbindung                     SPS-Type 

  DI   Internal                                  
  DD   B&R2000                        ALISK      
28.Oktober 1998  09:17             DEMO2_AL            Seite: 5


Variablenzuordnungstabelle: -DI-

  Name         BTI-Datentyp      

  DATE_DD_S    Byte unsigned      
  DATE_MM_S    Byte unsigned      
  DATE_SET     Byte unsigned      
  DATE_YY_S    Word unsigned      
  ERR_NAME     String             
  ERR_NODE     String             
  ERR_NR       Byte unsigned      
  TIME_HH_S    Byte unsigned      
  TIME_MM_S    Byte unsigned      
  TIME_SET     Byte unsigned      
  TIME_SS_S    Byte unsigned      
28.Oktober 1998  09:17             DEMO2_AL            Seite: 6


Variablenzuordnungstabelle: -DD-

  Name         BTI-Datentyp      SPS-Adresse               SPS-Variablentyp    

  complete     Byte unsigned     complete                        Byte unsigned 
  input        Word signed       input                           Word signed   
  input_1      Word unsigned     input_1                         Word unsigned 
  input_2      Word unsigned     input_2                         Word unsigned 
  led          Byte unsigned     led                             Byte unsigned 
  password     Byte unsigned     password                        Byte unsigned 
  set_word     Word unsigned     set_word                        Word unsigned 
  tipbyte      Byte unsigned     tipbyte                         Byte unsigned 
  toggword     Word unsigned     toggword                        Word unsigned 
  up_down      Word unsigned     up_down                         Word unsigned 
28.Oktober 1998  09:17             DEMO2_AL            Seite: 7


Textgruppen Datei: GLOBAL

0:   [ClrScr][AlleL.Aus]


28.Oktober 1998  09:17             DEMO2_AL            Seite: 8


Alarmsystem Grundkonfiguration 

Angezeigter Text, wenn kein Alarm:      No Alarm                                
Ausgedruckter Text bei Sammelquit:      Group Acknowledge                       
L„nge der historischen Alarmliste:      maximal


Allgemeine Druckerparameter Alarmsystem

Sequenz bei Gekommen:                                                           
Sequenz bei Gegangen:                                                           
Sequenz bei Quittieren:                                                         
Sequenz bei Brcken:                                                            


Druckformat-Definition

Uhrzeitformat:                          DD.MM.YY HH:MM:SS 
Trennzeichen #1:                        Leerzeichen
Gruppennummer:                          zweistellig
Trennzeichen #2:                        Leerzeichen
Alarmnummer:                            zweistellig
Trennzeichen #3:                        Leerzeichen
Alarmtext:                              darstellen
Trennzeichen #4:                        Leerzeichen
Ereignis:                               als Text
Trennzeichen #5:                        Leerzeichen
Quittierstatus:                         als Text


28.Oktober 1998  09:17             DEMO2_AL            Seite: 9


Alarmgruppen-Definition

Gruppennummer:                          0
max. Alarmanzahl:                       7
SPS-Adresse des Alarmbitfeldes:                         
SPS-Adresse des Summenalarms:                           
SPS-Adresse des Brckungsabbilds:                       
SPS-Adresse des Quitt. Abbilds:                         
Alarm Scan Rate:                        minimum
Priorit„t:                              0
Alarmzustandstexte fr                  
      gekommen:                         Triggered                               
      gegangen:                         Reset                                   
      quittiert:                        Acknowledged                            
      nicht quittiert:                  Unacknowledged                          
      gebrckt:                         Bypassed                                
      nicht gebrckt:                   Un-bypassed                             
Zustandskrzel:                         TRA 10B BU

Default-Alarmkonfiguration

Quittierung m”glich:                    Ja
Quittierung erforderlich:               Ja
Ausdruck des Kommens unterdrcken:      Nein
Ausdruck des Gehens unterdrcken:       Nein
Ausdruck des quit. Gehens unterdr.:     Nein
Ausdruck des Quittierens unterdr.:      Nein
Brcken des Alarms erlaubt:             Ja
Summenalarm bilden:                     Nein
Ausdruck des Brckens unterdrcken:     Nein
Ausdruck des Entbrckens unterdr.:      Nein
Latched Alarm:                          Nein


28.Oktober 1998  09:17             DEMO2_AL            Seite: 10


Alarmgruppen-Definition

Gruppennummer:                          253
max. Alarmanzahl:                       0
SPS-Adresse des Alarmbitfeldes:                         
SPS-Adresse des Summenalarms:                           
SPS-Adresse des Brckungsabbilds:                       
SPS-Adresse des Quitt. Abbilds:                         
Alarm Scan Rate:                        minimum
Priorit„t:                              0
Alarmzustandstexte fr                  
      gekommen:                         Triggered                               
      gegangen:                         Reset                                   
      quittiert:                        Acknowledged                            
      nicht quittiert:                  Unacknowledged                          
      gebrckt:                         Bypassed                                
      nicht gebrckt:                   Un-bypassed                             
Zustandskrzel:                         TRA 10B BU

Default-Alarmkonfiguration

Quittierung m”glich:                    Ja
Quittierung erforderlich:               Ja
Ausdruck des Kommens unterdrcken:      Nein
Ausdruck des Gehens unterdrcken:       Nein
Ausdruck des quit. Gehens unterdr.:     Nein
Ausdruck des Quittierens unterdr.:      Nein
Brcken des Alarms erlaubt:             Ja
Summenalarm bilden:                     Nein
Ausdruck des Brckens unterdrcken:     Nein
Ausdruck des Entbrckens unterdr.:      Nein
Latched Alarm:                          Nein


28.Oktober 1998  09:17             DEMO2_AL            Seite: 11


Alarmgruppenverzeichnis

Gr# Anz  Alarm-Adresse   Scan  Prio  Summenalarm-Adr.  Zustandskrzel     

000 007 System Alarme    minimum 0                      TRA 10B BU
253 000 Summenalarme     minimum 0                      TRA 10B BU
28.Oktober 1998  09:17             DEMO2_AL            Seite: 12


Alarmverzeichnis: -000-

Al#  Alarmtext           

001  Power ON                                     JJNNNNJNNNN
002  Print Buffer Full Alarm                      JJNNNNJNNNN
003  Printer Not Ready                            JJNNNNJNNNN
004  Communication Error                          JJNNNNJNNNN
005  Internal Communication Error                 JJNNNNJNNNN
006  Printer Buffer Overflow                      JJNNNNJNNNN
007  Batterie leer                                JJNNNNJNNNN


28.Oktober 1998  09:17             DEMO2_AL            Seite: 13


MAIN


ÚÄÄÄÄÄÄÄÄÄÄÄÄÄÄÄÄÄÄÄÄÄÄÄÄÄÄÄÄÄÄÄÄÄÄÄÄÄÄÄÄ¿
³ÚÄÄÄÄÄÄÄÄÄÄÄÄÄÄÄÄÄÄÄÂÄÄÄÄÄÄÄÄÄÄÄÄÄÄÄÄÄÄ¿³
³³ P A N E L W A R E ³±±±±±±±±0±±±±±±±±±³³
³ÃÄÄÄÄÄÄÄÄÄÄÄÄÄÄÄÄÄÄÄÁÄÄÄÄÄÄÄÄÄÄÄÄÄÄÄÄÄÄ´³
³³  F1 ... INPUT VALUES                 ³³
³³  F2 ... INPUT PASSWORD               ³³
³³  F3 ... KEY FUNCTIONS                ³³
³³  F4 ... LED FUNCTIONS                ³³
³ÀÄÄÄÄÄÄÄÄÄÄÄÄÄÄÄÄÄÄÄÄÄÄÄÄÄÄÄÄÄÄÄÄÄÄÄÄÄÄÙ³
ÀÄÄÄÄÄÄÄÄÄÄÄÄÄÄÄÄÄÄÄÄÄÄÄÄÄÄÄÄÄÄÄÄÄÄÄÄÄÄÄÄÙ


Feld #0:       Output Datum/Zeit                       Position: 21,1

Position:                               21,1      
Uhrzeitformat:                          MM.DD.YY HH:MM:SSa


28.Oktober 1998  09:17             DEMO2_AL            Seite: 14


Tasten/LED-Funktionen, Bild: MAIN

     /00 /01 /02 /03 /04 /05 /06 /07 /08 /09 /10 /11 /12 /13 

 00                      *±± *±± *±± *±±     ±±± ±±± ±±± ±±± 
 01                      ±±± ±±± ±±± ±±±     ±±± ±±± ±±± ±±± 
 02                      ±±± ±±± ±±± ±±±     ±±± ±±± ±±± ±±± 
 03                      ±±± ±±± ±±± ±±±     ±±± ±±± ±±± ±±± 
 04                                                          
 05                                                          
 06                                                          
 07                                                          
 08                                                          
 09                                                          
 10                                                          
 11                                                          
 12                                                          
 13                                                          


00/05:  Tasten-LED einschalten
00/06:  Tasten-LED einschalten
00/07:  Tasten-LED einschalten
00/08:  Tasten-LED einschalten
28.Oktober 1998  09:17             DEMO2_AL            Seite: 15


INPUT


ÚÄÄÄÄÄÄÄÄÄÄÄÄÄÄÄÄÄÄÄÄÄÄÄÄÄÄÄÄÄÄÄÄÄÄÄÄÄÄÄÄ¿
³ÄÄÄÄÄÄÄÄÄÄÄ  INPUT VALUES  ÄÄÄÄÄÄÄÄÄÄÄÄÄ³
³                                        ³
³  up_down  °°0°°  (+/- with F1/F2)      ³
³  input   °°1°°°  (use numerical keypad)³
³                                        ³
³OUTPUT VALUES:                          ³
³  up_down  ±±2±±                        ³
³  input   ±±3±±±   F3:SET CLOCK  F4:MENU³
ÀÄÄÄÄÄÄÄÄÄÄÄÄÄÄÄÄÄÄÄÄÄÄÄÄÄÄÄÄÄÄÄÄÄÄÄÄÄÄÄÄÙ


Feld #0:       Input Wort ohne Vorzeichen              Position: 11,2

Position:                               11,2      
Anzahl der Stellen:                     5
Anzahl der Nachkommastellen:            0
Zeichengr”áe:                           1
Feldbreite:                             5
SPS-Zieladresse:                        up_down         
SPS-Abschluáadresse:                                    
SPS-Abschluáwert:                       0
Verstellinput? (J/N):                   Ja
Inputverriegelung? (J/N):               Nein
Vornullen darstellen? (J/N):            Nein
Normierung? (J/N):                      Nein


Feld #0:       Verstellinput                           Position: 11,2

F-Taste "+" :                           F01
F-Taste "-" :                           F02


Feld #1:       Input Wort mit Vorzeichen               Position: 10,3

Position:                               10,3      
Anzahl der Stellen:                     5
Anzahl der Nachkommastellen:            0
Zeichengr”áe:                           1
Feldbreite:                             6
SPS-Zieladresse:                        input           
SPS-Abschluáadresse:                                    
SPS-Abschluáwert:                       0
Verstellinput? (J/N):                   Nein
Inputverriegelung? (J/N):               Nein
Vornullen darstellen? (J/N):            Nein
Normierung? (J/N):                      Nein


Feld #2:       Output Wort ohne Vorzeichen             Position: 11,6

Position:                               11,6      
Anzahl der Stellen:                     5
Anzahl der Nachkommastellen:            0
Zeichengr”áe:                           1
Feldbreite:                             5
SPS-Adresse:                            up_down         
Vornullen darstellen? (J/N):            Ja
Normierung? (J/N):                      Nein


28.Oktober 1998  09:17             DEMO2_AL            Seite: 16


Feld #3:       Output Wort mit Vorzeichen              Position: 10,7

Position:                               10,7      
Anzahl der Stellen:                     5
Anzahl der Nachkommastellen:            0
Zeichengr”áe:                           1
Feldbreite:                             6
SPS-Adresse:                            input           
Vornullen darstellen? (J/N):            Ja
Normierung? (J/N):                      Nein


28.Oktober 1998  09:17             DEMO2_AL            Seite: 17


Tasten/LED-Funktionen, Bild: INPUT

     /00 /01 /02 /03 /04 /05 /06 /07 /08 /09 /10 /11 /12 /13 

 00                      *±± *±± *±± *±±     ±±± ±±± ±±± ±±± 
 01                      ±±± ±±± ±±± ±±±     ±±± ±±± ±±± ±±± 
 02                      ±±± ±±± ±±± ±±±     ±±± ±±± ±±± ±±± 
 03                      ±±± ±±± ±±± ±±±     ±±± ±±± ±±± ±±± 
 04                                                          
 05                                                          
 06                                                          
 07                                                          
 08                                                          
 09                                                          
 10                                                          
 11                                                          
 12                                                          
 13                                                          


00/05:  Tasten-LED langsam blinken
00/06:  Tasten-LED langsam blinken
00/07:  Tasten-LED einschalten
00/08:  Tasten-LED einschalten
28.Oktober 1998  09:17             DEMO2_AL            Seite: 18


PASSWORD


ÚÄÄÄÄÄÄÄÄÄÄÄÄÄÄÄÄÄÄÄÄÄÄÄÄÄÄÄÄÄÄÄÄÄÄÄÄÄÄÄÄ¿
³ÄÄÄÄÄÄÄÄÄÄÄ  INPUT PASSWORD  ÄÄÄÄÄÄÄÄÄÄÄ³
³                                        ³
³ INPUT :       VALID PASSWORD #1:   7748³
³ °°°°°°°°°°°°  VALID PASSWORD #2:   6586³
³ °°°°°0°°°°°°  VALID PASSWORD #3: 612674³
³               Current Level#   :    ±1±³
³                                        ³
³F1:LOCKED INPUT                 F4:MENU ³
ÀÄÄÄÄÄÄÄÄÄÄÄÄÄÄÄÄÄÄÄÄÄÄÄÄÄÄÄÄÄÄÄÄÄÄÄÄÄÄÄÄÙ


Feld #0:       Input Passwort                          Position: 1,4

Position:                               1,4       
Zeichengr”áe:                           2
Anzahl der Stellen:                     6
SPS-Zieladresse:                        password        
SPS-Abschluáadresse:                    complete        
SPS-Abschluáwert:                       100
Echozeichen:                            *
Anzahl Paáwortebenen:                   4
Paáwort fr Ebene #1:                   7748  
Paáwort fr Ebene #2:                   6586  
Paáwort fr Ebene #3:                   612674


Feld #1:       Output Bit/Byte                         Position: 37,5

Position:                               37,5      
Anzahl der Stellen:                     3
Anzahl der Nachkommastellen:            0
Zeichengr”áe:                           1
Feldbreite:                             3
SPS-Adresse:                            password        
Vornullen darstellen? (J/N):            Nein
Normierung? (J/N):                      Nein


28.Oktober 1998  09:17             DEMO2_AL            Seite: 19


Tasten/LED-Funktionen, Bild: PASSWORD

     /00 /01 /02 /03 /04 /05 /06 /07 /08 /09 /10 /11 /12 /13 

 00                      *±± ±±± ±±± *±±     ±±± ±±± ±±± ±±± 
 01                      ±±± ±±± ±±± ±±±     ±±± ±±± ±±± ±±± 
 02                      ±±± ±±± ±±± ±±±     ±±± ±±± ±±± ±±± 
 03                      ±±± ±±± ±±± ±±±     ±±± ±±± ±±± ±±± 
 04                                                          
 05                                                          
 06                                                          
 07                                                          
 08                                                          
 09                                                          
 10                                                          
 11                                                          
 12                                                          
 13                                                          


00/05:  Tasten-LED einschalten
00/08:  Tasten-LED einschalten
28.Oktober 1998  09:17             DEMO2_AL            Seite: 20


INPLOCK


ÚÄÄÄÄÄÄÄÄÄÄÄÄÄÄÄÄÄÄÄÄÄÄÄÄÄÄÄÄÄÄÄÄÄÄÄÄÄÄÄÄ¿
³INPUT FIELDS ARE LOCKED DEPENDING ON THE³
³CURRENT PASSWORD LEVEL                  ³
³                                        ³
³INPUT #1: °°0°°  (LOCKED IF PASSWORD    ³
³                  NOT VALID)            ³
³INPUT #2: °°1°°  (LOCKED IF LEVEL < 3)  ³
³                                        ³
³F1:PASSWORD                      F4:MENU³
ÀÄÄÄÄÄÄÄÄÄÄÄÄÄÄÄÄÄÄÄÄÄÄÄÄÄÄÄÄÄÄÄÄÄÄÄÄÄÄÄÄÙ


Feld #0:       Input Wort ohne Vorzeichen              Position: 10,3

Position:                               10,3      
Anzahl der Stellen:                     5
Anzahl der Nachkommastellen:            0
Zeichengr”áe:                           1
Feldbreite:                             5
SPS-Zieladresse:                        input_1         
SPS-Abschluáadresse:                                    
SPS-Abschluáwert:                       0
Verstellinput? (J/N):                   Nein
Inputverriegelung? (J/N):               Ja
Vornullen darstellen? (J/N):            Nein
Normierung? (J/N):                      Nein


Feld #0:       Inputverriegelung-Konfiguration         Position: 10,3

SPS-Adresse fr Verriegelungswert:      password        
Verriegelung ist aktiv, wenn:           SPS-Wert = 0                     
Verriegelungskonstante:                 0


Feld #1:       Input Wort ohne Vorzeichen              Position: 10,5

Position:                               10,5      
Anzahl der Stellen:                     5
Anzahl der Nachkommastellen:            0
Zeichengr”áe:                           1
Feldbreite:                             5
SPS-Zieladresse:                        input_2         
SPS-Abschluáadresse:                                    
SPS-Abschluáwert:                       0
Verstellinput? (J/N):                   Nein
Inputverriegelung? (J/N):               Ja
Vornullen darstellen? (J/N):            Nein
Normierung? (J/N):                      Nein


Feld #1:       Inputverriegelung-Konfiguration         Position: 10,5

SPS-Adresse fr Verriegelungswert:      password        
Verriegelung ist aktiv, wenn:           SPS-Wert < Konstante 
Verriegelungskonstante:                 3


28.Oktober 1998  09:17             DEMO2_AL            Seite: 21


Tasten/LED-Funktionen, Bild: INPLOCK

     /00 /01 /02 /03 /04 /05 /06 /07 /08 /09 /10 /11 /12 /13 

 00                      *±± ±±± ±±± *±±     ±±± ±±± ±±± ±±± 
 01                      ±±± ±±± ±±± ±±±     ±±± ±±± ±±± ±±± 
 02                      ±±± ±±± ±±± ±±±     ±±± ±±± ±±± ±±± 
 03                      ±±± ±±± ±±± ±±±     ±±± ±±± ±±± ±±± 
 04                                                          
 05                                                          
 06                                                          
 07                                                          
 08                                                          
 09                                                          
 10                                                          
 11                                                          
 12                                                          
 13                                                          


00/05:  Tasten-LED einschalten
00/08:  Tasten-LED einschalten
28.Oktober 1998  09:17             DEMO2_AL            Seite: 22


KEYFUNCT


ÚÄÄÄÄÄÄÄÄÄÄÄÄÄÄÄÄÄÄÄÄÄÄÄÄÄÄÄÄÄÄÄÄÄÄÄÄÄÄÄÄ¿
³ÄÄÄÄÄÄÄÄÄÄÄÄ  KEY FUNCTIONS  ÄÄÄÄÄÄÄÄÄÄÄ³
³                                        ³
³F1:SET WORD:    set_w   ±±0±±  (10000)  ³
³F2:TOGGLE WORD: tog_w   ±±1±±  (0/20000)³
³F3:MOM. BYTE:   mom_b     ±2±  (111)    ³
³                                        ³
³                                        ³
³                                 F4:MENU³
ÀÄÄÄÄÄÄÄÄÄÄÄÄÄÄÄÄÄÄÄÄÄÄÄÄÄÄÄÄÄÄÄÄÄÄÄÄÄÄÄÄÙ


Feld #0:       Output Wort ohne Vorzeichen             Position: 24,2

Position:                               24,2      
Anzahl der Stellen:                     5
Anzahl der Nachkommastellen:            0
Zeichengr”áe:                           1
Feldbreite:                             5
SPS-Adresse:                            set_word        
Vornullen darstellen? (J/N):            Nein
Normierung? (J/N):                      Nein


Feld #1:       Output Wort ohne Vorzeichen             Position: 24,3

Position:                               24,3      
Anzahl der Stellen:                     5
Anzahl der Nachkommastellen:            0
Zeichengr”áe:                           1
Feldbreite:                             5
SPS-Adresse:                            toggword        
Vornullen darstellen? (J/N):            Nein
Normierung? (J/N):                      Nein


Feld #2:       Output Bit/Byte                         Position: 26,4

Position:                               26,4      
Anzahl der Stellen:                     3
Anzahl der Nachkommastellen:            0
Zeichengr”áe:                           1
Feldbreite:                             3
SPS-Adresse:                            tipbyte         
Vornullen darstellen? (J/N):            Nein
Normierung? (J/N):                      Nein


28.Oktober 1998  09:17             DEMO2_AL            Seite: 23


Tasten/LED-Funktionen, Bild: KEYFUNCT

     /00 /01 /02 /03 /04 /05 /06 /07 /08 /09 /10 /11 /12 /13 

 00                      *±T *±T *±T *±±     ±±± ±±± ±±± ±±± 
 01                      ±±± ±±± ±±± ±±±     ±±± ±±± ±±± ±±± 
 02                      ±±± ±±± ±±± ±±±     ±±± ±±± ±±± ±±± 
 03                      ±±± ±±± ±±± ±±±     ±±± ±±± ±±± ±±± 
 04                                                          
 05                                                          
 06                                                          
 07                                                          
 08                                                          
 09                                                          
 10                                                          
 11                                                          
 12                                                          
 13                                                          


00/05:  Tasten-LED einschalten
        Set Wort
          SPS-Adresse:                       set_word
          SPS-Abschluáadresse:               
          SPS-Abschluáwert:                  0
          Wert 1:                            10000
00/06:  Tasten-LED einschalten
        Toggle Wort
          SPS-Adresse:                       toggword
          SPS-Abschluáadresse:               
          SPS-Abschluáwert:                  0
          Wert 1:                            0
          Wert 2:                            20000
00/07:  Tasten-LED einschalten
        Tip Bit/Byte
          SPS-Adresse:                       tipbyte
          SPS-Abschluáadresse:               
          SPS-Abschluáwert:                  0
          Wert 1:                            111
00/08:  Tasten-LED einschalten
28.Oktober 1998  09:17             DEMO2_AL            Seite: 24


ERR_PIC


ÚÄÄÄÄÄÄÄÄÄÄÄÄÄÄÄÄÄÄÄÄÄÄÄÄÄÄÄÄÄÄÄÄÄÄÄÄÄÄÄÄ¿
³ÚÄÄÄÄÄÄÄÄÄÄ  Error-Picture  ÄÄÄÄÄÄÄÄÄÄÄ¿³
³³      This screen appears on a        ³³
³³        communication error.          ³³
³³ Please verify that the communication ³³
³³ cable is connected to the PLC- port  ³³
³³    and to port 1 of the panel.       ³³
³³  Error: ±0± at ±±±±1±±±±± / ±±       ³³
³ÀÄÄÄÄÄÄÄÄÄÄÄÄÄÄÄÄÄÄÄÄÄÄÄÄÄÄÄÄÄÄÄÄÄÄÄÄÄÄÙ³
ÀÄÄÄÄÄÄÄÄÄÄÄÄÄÄÄÄÄÄÄÄÄÄÄÄÄÄÄÄÄÄÄÄÄÄÄÄÄÄÄÄÙ


Feld #0:       Output Bit/Byte                         Position: 10,6

Position:                               10,6      
Anzahl der Stellen:                     3
Anzahl der Nachkommastellen:            0
Zeichengr”áe:                           1
Feldbreite:                             3
SPS-Adresse:                            ERR_NR/DI       
Vornullen darstellen? (J/N):            Nein
Normierung? (J/N):                      Nein


Feld #1:       Output String                           Position: 17,6

Position:                               17,6      
Stringl„nge:                            10
Zeichengr”áe:                           1
SPS-Adresse:                            ERR_NAME/DI     


Feld #2:       Output String                           Position: 30,6

Position:                               30,6      
Stringl„nge:                            2
Zeichengr”áe:                           1
SPS-Adresse:                            ERR_NODE/DI     


28.Oktober 1998  09:17             DEMO2_AL            Seite: 25


LEDS


ÚÄÄÄÄÄÄÄÄÄÄÄÄÄÄÄÄÄÄÄÄÄÄÄÄÄÄÄÄÄÄÄÄÄÄÄÄÄÄÄÄ¿
³LED- Functions:  Your choise please.... ³
³                                        ³
³     F1: All LEDs on                    ³
³     F2: All LEDs off                   ³
³     F3: All LEDs blinking slow         ³
³     F4: All LEDs blinking fast         ³
³                                        ³
³                               F13: MENU³
ÀÄÄÄÄÄÄÄÄÄÄÄÄÄÄÄÄÄÄÄÄÄÄÄÄÄÄÄÄÄÄÄÄÄÄÄÄÄÄÄÄÙ


28.Oktober 1998  09:17             DEMO2_AL            Seite: 26


Tasten/LED-Funktionen, Bild: LEDS

     /00 /01 /02 /03 /04 /05 /06 /07 /08 /09 /10 /11 /12 /13 

 00                      *±T *±T *±T *±T     *±± *±± *±± *±± 
 01                      *±± *±± *±± *±±     *±± *±± *±± *±± 
 02                      *±± *±± *±± *±±     *±± *±± *±± *±± 
 03                      *±± *±± *±± *±±     *±± *±± *±± *±± 
 04                                                          
 05                                                          
 06                                                          
 07                                                          
 08                                                          
 09                                                          
 10                                                          
 11                                                          
 12                                                          
 13                                                          


00/05:  LED von SPS schalten - (null) led
        Set Bit/Byte
          SPS-Adresse:                       led
          SPS-Abschluáadresse:               
          SPS-Abschluáwert:                  0
          Wert 1:                            1
00/06:  LED von SPS schalten - (null) led
        Set Bit/Byte
          SPS-Adresse:                       led
          SPS-Abschluáadresse:               
          SPS-Abschluáwert:                  0
          Wert 1:                            0
00/07:  LED von SPS schalten - (null) led
        Set Bit/Byte
          SPS-Adresse:                       led
          SPS-Abschluáadresse:               
          SPS-Abschluáwert:                  0
          Wert 1:                            2
00/08:  LED von SPS schalten - (null) led
        Set Bit/Byte
          SPS-Adresse:                       led
          SPS-Abschluáadresse:               
          SPS-Abschluáwert:                  0
          Wert 1:                            3
00/10:  LED von SPS schalten - (null) led
00/11:  LED von SPS schalten - (null) led
00/12:  LED von SPS schalten - (null) led
00/13:  LED von SPS schalten - (null) led
01/05:  LED von SPS schalten - (null) led
01/06:  LED von SPS schalten - (null) led
01/07:  LED von SPS schalten - (null) led
01/08:  LED von SPS schalten - (null) led
01/10:  LED von SPS schalten - (null) led
01/11:  LED von SPS schalten - (null) led
01/12:  LED von SPS schalten - (null) led
01/13:  LED von SPS schalten - (null) led
02/05:  LED von SPS schalten - (null) led
02/06:  LED von SPS schalten - (null) led
02/07:  LED von SPS schalten - (null) led
02/08:  LED von SPS schalten - (null) led
02/10:  LED von SPS schalten - (null) led
02/11:  LED von SPS schalten - (null) led
02/12:  LED von SPS schalten - (null) led
02/13:  LED von SPS schalten - (null) led
03/05:  LED von SPS schalten - (null) led
03/06:  LED von SPS schalten - (null) led
03/07:  LED von SPS schalten - (null) led
28.Oktober 1998  09:17             DEMO2_AL            Seite: 27


03/08:  LED von SPS schalten - (null) led
03/10:  LED von SPS schalten - (null) led
03/11:  LED von SPS schalten - (null) led
03/12:  LED von SPS schalten - (null) led
03/13:  LED von SPS schalten - (null) led
28.Oktober 1998  09:17             DEMO2_AL            Seite: 28


CLOCK


ÚÄÄÄÄÄÄÄÄÄÄÄÄÄÄÄÄÄÄÄÄÄÄÄÄÄÄÄÄÄÄÄÄÄÄÄÄÄÄÄÄ¿
³ÄÄÄÄÄÄÄÄÄÄÄÄÄÄÄ  CLOCK  ÄÄÄÄÄÄÄÄÄÄÄÄÄÄÄÄ³
³ HH:°0°  MM:°1°  SS:°2°                 ³
³                                        ³
³ MM:°3°  DD:°4°  YYYY:°5°°              ³
³                                        ³
³ÄÄÄÄÄÄÄÄÄÄÄÄÄÄÄÄÄÄÄÄÄÄÄÄÄÄÄÄÄÄÄÄÄÄÄÄÄÄÄÄ³
³F1:SET HH/MM/SS                         ³
³F2:SET MM/DD/YYYY                F4:MENU³
ÀÄÄÄÄÄÄÄÄÄÄÄÄÄÄÄÄÄÄÄÄÄÄÄÄÄÄÄÄÄÄÄÄÄÄÄÄÄÄÄÄÙ


Feld #0:       Input Bit/Byte                          Position: 4,1

Position:                               4,1       
Anzahl der Stellen:                     2
Anzahl der Nachkommastellen:            0
Zeichengr”áe:                           1
Feldbreite:                             3
SPS-Zieladresse:                        TIME_HH_S/DI    
SPS-Abschluáadresse:                                    
SPS-Abschluáwert:                       0
Verstellinput? (J/N):                   Nein
Inputverriegelung? (J/N):               Nein
Vornullen darstellen? (J/N):            Nein
Normierung? (J/N):                      Ja


Feld #0:       Normierung                              Position: 4,1

0% Wert in der SPS:                     0 
100% Wert in der SPS:                   23
Minimalwert am Tableau:                 0 
Maximalwert am Tableau:                 23


Feld #1:       Input Bit/Byte                          Position: 12,1

Position:                               12,1      
Anzahl der Stellen:                     2
Anzahl der Nachkommastellen:            0
Zeichengr”áe:                           1
Feldbreite:                             3
SPS-Zieladresse:                        TIME_MM_S/DI    
SPS-Abschluáadresse:                                    
SPS-Abschluáwert:                       0
Verstellinput? (J/N):                   Nein
Inputverriegelung? (J/N):               Nein
Vornullen darstellen? (J/N):            Nein
Normierung? (J/N):                      Ja


Feld #1:       Normierung                              Position: 12,1

0% Wert in der SPS:                     0 
100% Wert in der SPS:                   59
Minimalwert am Tableau:                 0 
Maximalwert am Tableau:                 59


28.Oktober 1998  09:17             DEMO2_AL            Seite: 29


Feld #2:       Input Bit/Byte                          Position: 20,1

Position:                               20,1      
Anzahl der Stellen:                     2
Anzahl der Nachkommastellen:            0
Zeichengr”áe:                           1
Feldbreite:                             3
SPS-Zieladresse:                        TIME_SS_S/DI    
SPS-Abschluáadresse:                                    
SPS-Abschluáwert:                       0
Verstellinput? (J/N):                   Nein
Inputverriegelung? (J/N):               Nein
Vornullen darstellen? (J/N):            Nein
Normierung? (J/N):                      Ja


Feld #2:       Normierung                              Position: 20,1

0% Wert in der SPS:                     0 
100% Wert in der SPS:                   59
Minimalwert am Tableau:                 0 
Maximalwert am Tableau:                 59


Feld #3:       Input Bit/Byte                          Position: 4,3

Position:                               4,3       
Anzahl der Stellen:                     2
Anzahl der Nachkommastellen:            0
Zeichengr”áe:                           1
Feldbreite:                             3
SPS-Zieladresse:                        DATE_MM_S/DI    
SPS-Abschluáadresse:                                    
SPS-Abschluáwert:                       0
Verstellinput? (J/N):                   Nein
Inputverriegelung? (J/N):               Nein
Vornullen darstellen? (J/N):            Nein
Normierung? (J/N):                      Ja


Feld #3:       Normierung                              Position: 4,3

0% Wert in der SPS:                     1 
100% Wert in der SPS:                   12
Minimalwert am Tableau:                 1 
Maximalwert am Tableau:                 12


Feld #4:       Input Bit/Byte                          Position: 12,3

Position:                               12,3      
Anzahl der Stellen:                     2
Anzahl der Nachkommastellen:            0
Zeichengr”áe:                           1
Feldbreite:                             3
SPS-Zieladresse:                        DATE_DD_S/DI    
SPS-Abschluáadresse:                                    
SPS-Abschluáwert:                       0
Verstellinput? (J/N):                   Nein
Inputverriegelung? (J/N):               Nein
Vornullen darstellen? (J/N):            Nein
Normierung? (J/N):                      Ja


28.Oktober 1998  09:17             DEMO2_AL            Seite: 30


Feld #4:       Normierung                              Position: 12,3

0% Wert in der SPS:                     1 
100% Wert in der SPS:                   31
Minimalwert am Tableau:                 1 
Maximalwert am Tableau:                 31


Feld #5:       Input Wort ohne Vorzeichen              Position: 22,3

Position:                               22,3      
Anzahl der Stellen:                     4
Anzahl der Nachkommastellen:            0
Zeichengr”áe:                           1
Feldbreite:                             4
SPS-Zieladresse:                        DATE_YY_S/DI    
SPS-Abschluáadresse:                                    
SPS-Abschluáwert:                       0
Verstellinput? (J/N):                   Nein
Inputverriegelung? (J/N):               Nein
Vornullen darstellen? (J/N):            Nein
Normierung? (J/N):                      Nein


28.Oktober 1998  09:17             DEMO2_AL            Seite: 31


Tasten/LED-Funktionen, Bild: CLOCK

     /00 /01 /02 /03 /04 /05 /06 /07 /08 /09 /10 /11 /12 /13 

 00                      *±T *±T ±±± *±±     ±±± ±±± ±±± ±±± 
 01                      ±±± ±±± ±±± ±±±     ±±± ±±± ±±± ±±± 
 02                      ±±± ±±± ±±± ±±±     ±±± ±±± ±±± ±±± 
 03                      ±±± ±±± ±±± ±±±     ±±± ±±± ±±± ±±± 
 04                                                          
 05                                                          
 06                                                          
 07                                                          
 08                                                          
 09                                                          
 10                                                          
 11                                                          
 12                                                          
 13                                                          


00/05:  Tasten-LED einschalten
        Set Bit/Byte
          SPS-Adresse:                       TIME_SET/DI
          SPS-Abschluáadresse:               
          SPS-Abschluáwert:                  0
          Wert 1:                            1
00/06:  Tasten-LED einschalten
        Set Bit/Byte
          SPS-Adresse:                       DATE_SET/DI
          SPS-Abschluáadresse:               
          SPS-Abschluáwert:                  0
          Wert 1:                            1
00/08:  Tasten-LED einschalten
