DummyWord=AbzugEnde
DummyI16=AbzugLang
DummyWord=AbzugMax
DummyI16=AbzugStart
DummyByte=AbzugTippG
DummyByte=AktBild
DummyWord=BetrArtTx
DummyWord=BetrStat
DummyLONG=BeutelIst    ;!W
DummyLONG=BeutelSoll   ;!W
DummyByte=ChanAbzug
DummyByte=ChanSpeed
DummyByte=ChanSync
DummyByte=ChanWinkel
DummyI16=DruckLaeng
DummyI16=DruckStart
;$S=EinrStrin1
;$S=EinrString
DummyI16=FallZeit
DummyByte=Funktion
DummyLONG=GesamtStck
DummyLONG=GesamtZeit
DummyByte=HauptMaxS
DummyI16=HauptNull
DummyByte=HauptTippG
DummyI16=LangDauerE
DummyI16=LangStart
DummyI16=LangStop
DummyI16=MesseStart
DummyI16=MesserStop
DummyByte=Password
DummyByte=ProgrammNr
DummyI16=QuerStart
DummyI16=QuerStop
DummyI16=QuerWach
DummyI16=SImpuZeit
DummyByte=SollBild
DummyByte=SpeedIst
DummyByte=SpeedSoll
DummyI16=StartFoto
DummyI16=SyncWink
DummyByte=TagReset
DummyLONG=TagStueck  ;!W
DummyByte=Tippen

