
----<27-05-13 13:26:05>
VER :1.51
DATE:April 19, 1999
ERR :D1
ADDR:2b90000b
PSP :166D
CS  :17F7
DS  :4743
SS  :523F
SP  :33DE
MEMm:00026d40
MEMa:00027150
hOrg:6eff0000
hEnd:a0000000
hPtr:792c0000
hLim:0000
SCR :b8000000
ÉÍ[ş]ÍÍÍÍÍÍÍÍÍÍ C:\DN151 ÍÍÍÍÍÍÍÍÍÍÍÍÍÍ»ÉÍÍÍÍÍÍÍÍ C:\PG2000_1\INSTALL  13:25:59 
º    Name    ³    Name    ³    Name    ºº    Name    ³    Name    ³    Name    
º..          ³dn       his³            ºº..          ³br003007 zip³br003078 zipş
ºCD          ³dn       hlp³            ººinstall  exe³br003019 zip³br003079 zip±
ºCOLORS      ³dnrus    hlp³            ººinstentf exe³br003022 zip³br003080 zip±
ºENG         ³dn       ico³            ººbr001001 zip³br003023 zip³br003081 zip±
ºRUS         ³dn       lng³            ººbr001002 zip³br003024 zip³br003082 zip±
ºSSAVERS     ³dnrus    lng³            ººbr001003 zip³br003025 zip³br003083 zip±
ºXLT         ³dn       mnu³            ººbr001004 zip³br003026 zip³br003084 zip±
ºdn       com³dn       ovr³            ººbr001005 zip³br003027 zip³br004020 zip±
ºfiles    bbs³dn       prg³            ººbr001008 zip³br003028 zip³br004021 zip±
ºfile_id  diz³dn5      swp³            ººbr001013 zip³br003029 zip³br004039 zip±
ºdn       dlg³dn6      swp³            ººbr002010 zip³br003032 zip³br004045 zip±
ºdnrus    dlg³readme   txt³            ººbr002011 zip³br003033 zip³br004051 zip±
ºdn       edt³dn       vwr³            ººbr002012 zip³br003034 zip³br004072 zip±
ºdn       ext³dn       xrn³            ººbr002038 zip³br003041 zip³br004073 zip±
ºdn       flg³            ³            ººbr002052 zip³br003068 zip³br004074 zip±
ºdn       hgl³            ³            ººbr003006 zip³br003069 zip³br004077 zip
ºÄÄÄÄÄÄÄÄÄÄÄÄÁÄÄÄÄÄÄÄÄÄÄÄÄÁÄÄÄÄÄÄÄÄÄÄÄÄººÄÄÄÄÄÄÄÄÄÄÄÄÁÄÄÄÄÄÄÄÄÄÄÄÄÁÄÄÄÄÄÄÄÄÄÄÄÄº
º..            <UP--DIR> 27-05-13 12:25ººinstall.exe     466,256  4-07-02 10:13º
º          No files selected           ºº          No files selected           º
º  220,839,936 free bytes on drive C:  ºº  220,839,936 free bytes on drive C:  º
È[ A C D * ]ÍÍÍÍÍÍÍÍÍÍÍÍÍÍÍÍÍÍÍÍÍÍÍÍÍÍÍ¼È[ A C D * ]ÍÍÍÍÍÍÍÍÍÍÍÍÍÍÍÍÍÍÍÍÍÍÍÍÍÍÄÙ
C:\PG2000_1\INSTALL>                                                            
 F1 Help  F2 User  F3 View  F4 Edit  F5 Copy  F6 Ren  F7 MkDir  F8 Del  F10 Menu
