
TIME = Mon Oct 22 13:58:54 2007
USER = default
TIME = Mon Oct 22 14:01:41 2007
USER = default
TIME = Mon Oct 22 17:04:55 2007
USER = default
TIME = Fri Jun 27 13:09:55 2008
USER = default
TIME = Thu Mar 05 11:32:31 2009
USER = default
TIME = Thu Mar 05 12:23:56 2009
USER = default
TIME = Thu Mar 05 12:36:15 2009
USER = default
TIME = Mon Mar 09 09:56:28 2009
USER = default
TIME = Mon Mar 09 10:24:46 2009
USER = default
TIME = Tue Mar 10 12:20:51 2009
USER = default
TIME = Thu Mar 12 12:11:49 2009
USER = default
TIME = Thu Mar 12 16:00:05 2009
USER = default
TIME = Wed May 27 10:51:16 2009
USER = default
No valid PG2000 project found !
TIME = Wed May 27 11:00:47 2009
USER = default
TIME = Thu Mar 07 09:05:40 2013
USER = default
TIME = Tue Mar 12 13:05:32 2013
USER = default
TIME = Tue Mar 12 14:29:34 2013
USER = default
TIME = Fri May 17 14:56:27 2013
USER = default
TIME = Mon May 27 15:18:46 2013
USER = default
TIME = Thu Mar 06 11:17:53 2014
USER = default
TIME = Thu Mar 06 11:35:20 2014
USER = default