
Initializing the databank of SAVE_PRJ !
Some predefined PVs are being entered into the database !
Importing the Library system.SLB
GDM Layer from PCC > PLC < Processor > CPU < not available
Upload 'source00' READY
Initializing the databank of PLC !
Upload '$$sysconf' READY
Task $$sysconf could not be restored (error 6017)
Upload 'flash_c220' READY
Task flash_c220 could not be restored (error 6008)
Upload 'def_font' READY
Upload 'display' READY
Task display could not be restored (error 6008)
Upload 'tasten' READY
Task tasten could not be restored (error 6008)
Upload 'c220man' READY
Task c220man could not be restored (error 6008)
Following modules are only avaiable on the PCC:
* module flash_c220
Following modules are only avaiable in the project :
* module flash_c2
TIME = Tue Jun 03 13:21:55 2008
USER = default
OS Download: File "c:\pg2000\system\C200_V22.s18" selected!
PCC not in Diagnose Mode (26)
OS Download: File "c:\pg2000\system\C200_V22.s18" selected!
TIME = Tue Jun 03 13:32:29 2008
USER = default
OS Download: File "c:\pg2000\system\C200_V12.s1" selected!
Following modules are only avaiable on the PCC:
* module flash_c220
Following modules are only avaiable in the project :
* module source00
* module flash_c2
* module {update}
Download Module: "source00", Target: "Ram", required: 328, available 133104 Byte
Download 'source00' READY   
PCC programming 'source00' done.
Download Module: "flash_c2", Target: "Ram", required: 1148, available 132752 Byte
Module 'flash_c220' deleted.
Download 'flash_c220' READY
Memory type (FIX RAM, permanent memory, Memcard) not configured!
Following modules are only avaiable on the PCC:
* module flash_c220
Following modules are only avaiable in the project :
* module flash_c2
* module {update}
PCC programming 'source00' done.
PCC programming 'source00' done.
Following modules are only avaiable on the PCC:
* module flash_c220
Following modules are only avaiable in the project :
* module flash_c2
* module {update}
Following modules are only avaiable on the PCC:
* module flash_c220
Following modules are only avaiable in the project :
* module flash_c2
* module {update}
Following modules are only avaiable on the PCC:
* module flash_c220
Following modules are only avaiable in the project :
* module flash_c2
* module {update}
Following modules are only avaiable on the PCC:
* module flash_c220
Following modules are only avaiable in the project :
* module flash_c2
* module {update}
OS Download: File "c:\pg2000\system\C200_V12.s1" selected!
Download Module: "source00", Target: "Ram", required: 328, available 133104 Byte
Download 'source00' READY   
PCC programming 'source00' done.
Following modules are only avaiable on the PCC:
* module flash_c220
Following modules are only avaiable in the project :
* module flash_c2
* module {update}msg: not enough memory
TIME = Tue Jun 03 14:48:23 2008
USER = default
TIME = Wed May 12 09:38:28 2010
USER = default
OS Download: File "c:\pg2000\system\C200_V22.s12" selected!
TIME = Wed May 12 10:08:30 2010
USER = default
OS Download: File "c:\pg2000\system\C200_V22.s1" selected!
OS Download: File "c:\pg2000\system\C200_V22.s1" selected!
TIME = Wed May 12 10:21:08 2010
USER = default
OS Download: File "c:\pg2000\system\C200_V22.s12" selected!
OS Download: File "c:\pg2000\system\C200_V22.s15" selected!
OS Download: File "c:\pg2000\system\C200_V12.s1" selected!
TIME = Wed May 12 10:33:48 2010
USER = default
OS Download: File "c:\pg2000\system\C200_V12.s1" selected!
TIME = Wed May 12 10:38:48 2010
USER = default
TIME = Wed May 12 11:06:12 2010
USER = default
OS Download: File "c:\pg2000\system\C200_V22.s12" selected!
TIME = Tue Aug 10 15:57:45 2010
USER = default
TIME = Tue Aug 10 16:02:33 2010
USER = default
TIME = Fri Feb 24 13:16:35 2012
USER = default
TIME = Fri Feb 24 14:11:28 2012
USER = default
WARNING : Object for Module "source00" is not entered in the GDM !
WARNING : Object for Module "source00" is not entered in the GDM !
TIME = Fri Feb 24 14:24:40 2012
USER = default
Upload '$$sysconf' INTERRUPTED
KI: Command ID=211 interrupted!
No valid PG2000 project found !
No valid PG2000 project found !
No valid PG2000 project found !
No valid PG2000 project found !
No valid PG2000 project found !
No valid PG2000 project found !
Incomplete project ms62_110 is not accepted !
TIME = Fri Feb 24 14:41:49 2012
USER = default
KI: Command ID=211 interrupted!
KI: Command ID=211 interrupted!
WARNING : Object for Module "source00" is not entered in the GDM !
Logfile ein
TIME = Fri Feb 24 14:42:12 2012
USER = default